<?xml version="1.0" encoding="UTF-8"?>
<!-- Generated by org.testng.reporters.JUnitXMLReporter -->
<testsuite ignored="2" hostname="DESKTOP-993FB2V" failures="0" tests="1" name="Default test" time="42.374" errors="0" timestamp="2026-02-13T14:12:16 IST">
  <testcase classname="testScripts.ManageNewsTest" name="verifyWhetherUserIsAbleToResetNewsList" time="8.809"/>
  <testcase classname="testScripts.ManageNewsTest" name="verifyWhetherUserIsAbleToSearchNewlyAddedNewsInformations" time="0.0">
    <ignored/>
  </testcase> <!-- verifyWhetherUserIsAbleToSearchNewlyAddedNewsInformations -->
  <testcase classname="testScripts.ManageNewsTest" name="verifyWhetherUserIsAbleToAddNewNewsInformations" time="0.0">
    <ignored/>
  </testcase> <!-- verifyWhetherUserIsAbleToAddNewNewsInformations -->
</testsuite> <!-- Default test -->
