<?xml version="1.0" encoding="UTF-8"?>
<!-- Generated by org.testng.reporters.JUnitXMLReporter -->
<testsuite ignored="2" hostname="DESKTOP-993FB2V" failures="0" tests="1" name="Default test" time="44.912" errors="0" timestamp="2026-02-11T22:24:40 IST">
  <testcase classname="testScripts.AdminUsersTest" name="verifyWhetherUserIsAbleToAddNewUser" time="10.326"/>
  <testcase classname="testScripts.AdminUsersTest" name="verifyWhetherUserIsAbleToSearchTheNewlyAddedUser" time="0.0">
    <ignored/>
  </testcase> <!-- verifyWhetherUserIsAbleToSearchTheNewlyAddedUser -->
  <testcase classname="testScripts.AdminUsersTest" name="verifyWhetherUserIsAbleToResetTheAdminUsersList" time="0.0">
    <ignored/>
  </testcase> <!-- verifyWhetherUserIsAbleToResetTheAdminUsersList -->
</testsuite> <!-- Default test -->
