<?xml version="1.0" encoding="UTF-8"?>
<!-- Generated by org.testng.reporters.JUnitReportReporter -->
<testsuite hostname="DESKTOP-993FB2V" failures="0" tests="4" name="testScripts.LoginTest" time="76.838" errors="0" timestamp="2026-02-06T13:09:37 IST" skipped="0">
  <testcase classname="testScripts.LoginTest" name="verifyUserWithInvalidCredentials" time="16.564"/>
  <testcase classname="testScripts.LoginTest" name="verifyUserWithValidUsernameAndInvalidPassword" time="37.784"/>
  <testcase classname="testScripts.LoginTest" name="verifyUserWithInvalidUsernameAndValidPassword" time="8.735"/>
  <testcase classname="testScripts.LoginTest" name="verifyUserWithValidCredentials" time="13.755"/>
</testsuite> <!-- testScripts.LoginTest -->
