<?xml version="1.0" encoding="UTF-8"?>
<!-- Generated by org.testng.reporters.JUnitReportReporter -->
<testsuite hostname="DESKTOP-993FB2V" failures="0" tests="3" name="testScripts.AdminUsersTest" time="153.424" errors="0" timestamp="2026-02-11T22:42:43 IST" skipped="0">
  <testcase classname="testScripts.AdminUsersTest" name="verifyWhetherUserIsAbleToAddNewUser" time="81.492"/>
  <testcase classname="testScripts.AdminUsersTest" name="verifyWhetherUserIsAbleToSearchTheNewlyAddedUser" time="24.852"/>
  <testcase classname="testScripts.AdminUsersTest" name="verifyWhetherUserIsAbleToResetTheAdminUsersList" time="47.080"/>
</testsuite> <!-- testScripts.AdminUsersTest -->
