<?xml version="1.0" encoding="UTF-8"?>
<!-- Generated by org.testng.reporters.JUnitXMLReporter -->
<testsuite ignored="0" hostname="DESKTOP-993FB2V" failures="0" tests="3" name="Test" time="153.696" errors="0" timestamp="2026-02-11T22:42:40 IST">
  <testcase classname="testScripts.AdminUsersTest" name="verifyWhetherUserIsAbleToAddNewUser" time="11.725"/>
  <testcase classname="testScripts.AdminUsersTest" name="verifyWhetherUserIsAbleToSearchTheNewlyAddedUser" time="2.924"/>
  <testcase classname="testScripts.AdminUsersTest" name="verifyWhetherUserIsAbleToResetTheAdminUsersList" time="3.788"/>
</testsuite> <!-- Test -->
