<?xml version="1.0" encoding="UTF-8"?>
<testng-results ignored="0" total="1" passed="1" failed="0" skipped="0">
  <reporter-output>
  </reporter-output>
  <suite started-at="2026-02-10T15:54:38 IST" name="Default suite" finished-at="2026-02-10T15:55:58 IST" duration-ms="80011">
    <groups>
    </groups>
    <test started-at="2026-02-10T15:54:38 IST" name="Default test" finished-at="2026-02-10T15:55:58 IST" duration-ms="80011">
      <class name="testScripts.HomeTest">
        <test-method is-config="true" signature="browserLaunch()[pri:0, instance:testScripts.HomeTest@145f66e3]" started-at="2026-02-10T15:54:40 IST" name="browserLaunch" finished-at="2026-02-10T15:55:47 IST" duration-ms="67490" status="PASS">
          <reporter-output>
          </reporter-output>
        </test-method> <!-- browserLaunch -->
        <test-method signature="verifyUserAbleToSuccessfullyLoginAndLogout()[pri:0, instance:testScripts.HomeTest@145f66e3]" started-at="2026-02-10T15:55:47 IST" name="verifyUserAbleToSuccessfullyLoginAndLogout" finished-at="2026-02-10T15:55:58 IST" duration-ms="11234" status="PASS">
          <reporter-output>
          </reporter-output>
        </test-method> <!-- verifyUserAbleToSuccessfullyLoginAndLogout -->
        <test-method is-config="true" signature="driverQuit(org.testng.ITestResult)[pri:0, instance:testScripts.HomeTest@145f66e3]" started-at="2026-02-10T15:55:58 IST" name="driverQuit" finished-at="2026-02-10T15:55:58 IST" duration-ms="6" status="PASS">
          <params>
            <param index="0">
              <value>
                <![CDATA[[TestResult name=verifyUserAbleToSuccessfullyLoginAndLogout status=SUCCESS method=HomeTest.verifyUserAbleToSuccessfullyLoginAndLogout()[pri:0, instance:testScripts.HomeTest@145f66e3] output={null}]]]>
              </value>
            </param>
          </params>
          <reporter-output>
          </reporter-output>
        </test-method> <!-- driverQuit -->
      </class> <!-- testScripts.HomeTest -->
    </test> <!-- Default test -->
  </suite> <!-- Default suite -->
</testng-results>
