<?xml version="1.0" encoding="UTF-8"?>
<testng-results ignored="0" total="1" passed="1" failed="0" skipped="0">
  <reporter-output>
  </reporter-output>
  <suite started-at="2026-02-13T14:11:34 IST" name="Default suite" finished-at="2026-02-13T14:12:16 IST" duration-ms="42374">
    <groups>
    </groups>
    <test started-at="2026-02-13T14:11:34 IST" name="Default test" finished-at="2026-02-13T14:12:16 IST" duration-ms="42374">
      <class name="testScripts.ManageNewsTest">
        <test-method is-config="true" signature="browserLaunch()[pri:0, instance:testScripts.ManageNewsTest@7cc0cdad]" started-at="2026-02-13T14:11:34 IST" name="browserLaunch" finished-at="2026-02-13T14:12:07 IST" duration-ms="32880" status="PASS">
          <reporter-output>
          </reporter-output>
        </test-method> <!-- browserLaunch -->
        <test-method signature="verifyWhetherUserIsAbleToResetNewsList()[pri:0, instance:testScripts.ManageNewsTest@7cc0cdad]" started-at="2026-02-13T14:12:07 IST" name="verifyWhetherUserIsAbleToResetNewsList" finished-at="2026-02-13T14:12:16 IST" duration-ms="8809" status="PASS">
          <reporter-output>
          </reporter-output>
        </test-method> <!-- verifyWhetherUserIsAbleToResetNewsList -->
        <test-method is-config="true" signature="driverQuit(org.testng.ITestResult)[pri:0, instance:testScripts.ManageNewsTest@7cc0cdad]" started-at="2026-02-13T14:12:16 IST" name="driverQuit" finished-at="2026-02-13T14:12:16 IST" duration-ms="6" status="PASS">
          <params>
            <param index="0">
              <value>
                <![CDATA[[TestResult name=verifyWhetherUserIsAbleToResetNewsList status=SUCCESS method=ManageNewsTest.verifyWhetherUserIsAbleToResetNewsList()[pri:0, instance:testScripts.ManageNewsTest@7cc0cdad] output={null}]]]>
              </value>
            </param>
          </params>
          <reporter-output>
          </reporter-output>
        </test-method> <!-- driverQuit -->
      </class> <!-- testScripts.ManageNewsTest -->
    </test> <!-- Default test -->
  </suite> <!-- Default suite -->
</testng-results>
